<?xml version="1.0" encoding="UTF-8"?>
<testng-results ignored="0" total="0" passed="0" failed="0" skipped="0">
  <reporter-output>
  </reporter-output>
  <suite started-at="2023-03-13T11:40:56Z" name="com.ey.demo.JenkinsPipelineDemo.JenkinsCalculatorTest" finished-at="2023-03-13T11:40:56Z" duration-ms="10">
    <groups>
    </groups>
    <test started-at="2023-03-13T11:40:56Z" name="Command line test" finished-at="2023-03-13T11:40:56Z" duration-ms="10">
    </test> <!-- Command line test -->
  </suite> <!-- com.ey.demo.JenkinsPipelineDemo.JenkinsCalculatorTest -->
</testng-results>
